
> monsterhunter-app@1.0.0 start
> concurrently "python src/api.py" "node src/index.js"

[1] node:events:496
[1]       throw er; // Unhandled 'error' event
[1]       ^
[1] 
[1] Error: listen EADDRINUSE: address already in use :::3000
[1]     at Server.setupListenHandle [as _listen2] (node:net:1908:16)
[1]     at listenInCluster (node:net:1965:12)
[1]     at Server.listen (node:net:2067:7)
[1]     at Function.listen (/home/ubuntu/Assignment6/monsterhunter-app/node_modules/express/lib/application.js:635:24)
[1]     at Object.<anonymous> (/home/ubuntu/Assignment6/monsterhunter-app/src/index.js:17:5)
[1]     at Module._compile (node:internal/modules/cjs/loader:1469:14)
[1]     at Module._extensions..js (node:internal/modules/cjs/loader:1548:10)
[1]     at Module.load (node:internal/modules/cjs/loader:1288:32)
[1]     at Module._load (node:internal/modules/cjs/loader:1104:12)
[1]     at Function.executeUserEntryPoint [as runMain] (node:internal/modules/run_main:173:12)
[1] Emitted 'error' event on Server instance at:
[1]     at emitErrorNT (node:net:1944:8)
[1]     at process.processTicksAndRejections (node:internal/process/task_queues:82:21) {
[1]   code: 'EADDRINUSE',
[1]   errno: -98,
[1]   syscall: 'listen',
[1]   address: '::',
[1]   port: 3000
[1] }
[1] 
[1] Node.js v20.18.3
[1] node src/index.js exited with code 1
[0] MongoDB connection established.
[0] {'id': 1, 'name': 'Aptonoth', 'description': 'Docile herbivores that graze in packs. Their meat is considered a delicacy and is rich in nutrients. If one member of the herd is attacked, the rest will flee immediately.', 'type': 'small'}
[0]  * Serving Flask app 'api'
[0]  * Debug mode: on
[0] [31m[1mWARNING: This is a development server. Do not use it in a production deployment. Use a production WSGI server instead.[0m
[0]  * Running on all addresses (0.0.0.0)
[0]  * Running on http://127.0.0.1:5000
[0]  * Running on http://172.31.95.102:5000
[0] [33mPress CTRL+C to quit[0m
[0]  * Restarting with stat
[0]  * Debugger is active!
[0]  * Debugger PIN: 111-274-129
[0] MongoDB connection established.
[0] {'id': 1, 'name': 'Aptonoth', 'description': 'Docile herbivores that graze in packs. Their meat is considered a delicacy and is rich in nutrients. If one member of the herd is attacked, the rest will flee immediately.', 'type': 'small'}
[0] python src/api.py exited with code SIGINT
